<?xml version="1.0" encoding="UTF-8"?>
<!-- Generated by org.testng.reporters.JUnitReportReporter -->
<testsuite hostname="LAPTOP-MFJ8Q0NV" failures="0" tests="1" name="commonSteps.TestWebUtility" time="6.095" errors="0" timestamp="2021-12-02T19:18:11 IST" skipped="0">
  <testcase classname="commonSteps.TestWebUtility" name="test" time="6.095"/>
  <system-out/>
</testsuite> <!-- commonSteps.TestWebUtility -->
