<?xml version="1.0" encoding="UTF-8"?>
<!-- Generated by org.testng.reporters.JUnitReportReporter -->
<testsuite hostname="LAPTOP-MFJ8Q0NV" failures="0" tests="1" name="commonSteps.TestWebUtility" time="4.322" errors="0" timestamp="2021-12-05T17:40:03 IST" skipped="0">
  <testcase classname="commonSteps.TestWebUtility" name="test" time="4.322"/>
  <system-out/>
</testsuite> <!-- commonSteps.TestWebUtility -->
